Reading input file 1 of 1: "/Users/will/Dropbox/Papers/LL-Objects/NGC6210/Temporada2015/spm0030o_b.fits"...
Extracting sources...
simplexy: found 44 sources.
Solving...
system: No such file or directory
engine.c:79:engine_autoindex_search_paths: Warning: failed to open index directory: "/usr/local/Cellar/astrometry-net/0.76_2/data"

Reading file "./spm0030o_b.axy"...
Only searching for solutions within 1 degrees of RA,Dec (251.123,23.7999)
  log-odds ratio 31.3066 (3.94724e+13), 19 match, 1 conflict, 20 distractors, 71 index.
  RA,Dec = (251.122,23.7979), pixel scale 0.35018 arcsec/pix.
  Hit/miss:   Hit/miss: -++++--+--+c---++--+-+--++-+----+-+++-++(best)++++
Field 1: solved with index index-5000-10.fits.
Field 1 solved: writing to file ./spm0030o_b.solved to indicate this.
Field: /Users/will/Dropbox/Papers/LL-Objects/NGC6210/Temporada2015/spm0030o_b.fits
Field center: (RA,Dec) = (251.121851, 23.797830) deg.
Field center: (RA H:M:S, Dec D:M:S) = (16:44:29.244, +23:47:52.188).
Field size: 5.51533 x 5.92387 arcminutes
Field rotation angle: up is -87.8426 degrees E of N
Field parity: pos
Creating new FITS file "./spm0030o_b-wcs.fits"...
Creating index object overlay plot...
Creating annotation plot...
Your field contains:
  NGC 6210

Reading input file 1 of 1: "/Users/will/Dropbox/Papers/LL-Objects/NGC6210/Temporada2015/spm0035o_b.fits"...
Extracting sources...
simplexy: found 36 sources.
/usr/local/Cellar/astrometry-net/0.76_2/libexec/lib/python3.7/site-packages/astrometry/util/removelines.py:25: RuntimeWarning: divide by zero encountered in log
  logpoisson = k*np.log(mean) - mean - np.array([sum(np.arange(kk)) for kk in k])
/usr/local/Cellar/astrometry-net/0.76_2/libexec/lib/python3.7/site-packages/astrometry/util/removelines.py:25: RuntimeWarning: invalid value encountered in multiply
  logpoisson = k*np.log(mean) - mean - np.array([sum(np.arange(kk)) for kk in k])
/usr/local/Cellar/astrometry-net/0.76_2/libexec/lib/python3.7/site-packages/astrometry/util/removelines.py:26: RuntimeWarning: invalid value encountered in less
  badbins = occupied[logpoisson < logcut]
Solving...
system: No such file or directory
engine.c:79:engine_autoindex_search_paths: Warning: failed to open index directory: "/usr/local/Cellar/astrometry-net/0.76_2/data"

Reading file "./spm0035o_b.axy"...
Only searching for solutions within 1 degrees of RA,Dec (251.123,23.7999)
  log-odds ratio 18.8958 (1.60817e+08), 13 match, 0 conflict, 22 distractors, 71 index.
  RA,Dec = (251.122,23.7979), pixel scale 0.351068 arcsec/pix.
  log-odds ratio 16.3924 (1.31566e+07), 13 match, 0 conflict, 22 distractors, 71 index.
  RA,Dec = (251.122,23.7975), pixel scale 0.351068 arcsec/pix.
  log-odds ratio 29.0349 (4.07097e+12), 12 match, 2 conflict, 18 distractors, 44 index.
  RA,Dec = (251.122,23.7975), pixel scale 0.350938 arcsec/pix.
  Hit/miss:   Hit/miss: ++----+-c-----------+++-c-++++++(best)++++
Field 1: solved with index index-5001-10.fits.
Field 1 solved: writing to file ./spm0035o_b.solved to indicate this.
Field: /Users/will/Dropbox/Papers/LL-Objects/NGC6210/Temporada2015/spm0035o_b.fits
Field center: (RA,Dec) = (251.122187, 23.797414) deg.
Field center: (RA H:M:S, Dec D:M:S) = (16:44:29.325, +23:47:50.691).
Field size: 5.52727 x 5.9367 arcminutes
Field rotation angle: up is -87.8775 degrees E of N
Field parity: pos
Creating new FITS file "./spm0035o_b-wcs.fits"...
Creating index object overlay plot...
Creating annotation plot...
Your field contains:
  NGC 6210

Reading input file 1 of 1: "/Users/will/Dropbox/Papers/LL-Objects/NGC6210/Temporada2015/spm0036o_b.fits"...
Extracting sources...
simplexy: found 38 sources.
Solving...
system: No such file or directory
engine.c:79:engine_autoindex_search_paths: Warning: failed to open index directory: "/usr/local/Cellar/astrometry-net/0.76_2/data"

Reading file "./spm0036o_b.axy"...
Only searching for solutions within 1 degrees of RA,Dec (251.123,23.7999)
  log-odds ratio 47.9495 (6.67102e+20), 14 match, 0 conflict, 20 distractors, 43 index.
  RA,Dec = (251.121,23.7976), pixel scale 0.350635 arcsec/pix.
  Hit/miss:   Hit/miss: +++----------+---+-----++++++-+-++(best)++++
Field 1: solved with index index-5001-10.fits.
Field 1 solved: writing to file ./spm0036o_b.solved to indicate this.
Field: /Users/will/Dropbox/Papers/LL-Objects/NGC6210/Temporada2015/spm0036o_b.fits
Field center: (RA,Dec) = (251.120935, 23.797549) deg.
Field center: (RA H:M:S, Dec D:M:S) = (16:44:29.024, +23:47:51.177).
Field size: 5.52249 x 5.93157 arcminutes
Field rotation angle: up is -87.891 degrees E of N
Field parity: pos
Creating new FITS file "./spm0036o_b-wcs.fits"...
Creating index object overlay plot...
Creating annotation plot...
Your field contains:
  NGC 6210

Reading input file 1 of 1: "/Users/will/Dropbox/Papers/LL-Objects/NGC6210/Temporada2015/spm0041o_b.fits"...
Extracting sources...
simplexy: found 37 sources.
/usr/local/Cellar/astrometry-net/0.76_2/libexec/lib/python3.7/site-packages/astrometry/util/removelines.py:25: RuntimeWarning: divide by zero encountered in log
  logpoisson = k*np.log(mean) - mean - np.array([sum(np.arange(kk)) for kk in k])
/usr/local/Cellar/astrometry-net/0.76_2/libexec/lib/python3.7/site-packages/astrometry/util/removelines.py:25: RuntimeWarning: invalid value encountered in multiply
  logpoisson = k*np.log(mean) - mean - np.array([sum(np.arange(kk)) for kk in k])
/usr/local/Cellar/astrometry-net/0.76_2/libexec/lib/python3.7/site-packages/astrometry/util/removelines.py:26: RuntimeWarning: invalid value encountered in less
  badbins = occupied[logpoisson < logcut]
Solving...
system: No such file or directory
engine.c:79:engine_autoindex_search_paths: Warning: failed to open index directory: "/usr/local/Cellar/astrometry-net/0.76_2/data"

Reading file "./spm0041o_b.axy"...
Only searching for solutions within 1 degrees of RA,Dec (251.123,23.7999)
  log-odds ratio 34.7484 (1.23317e+15), 11 match, 0 conflict, 17 distractors, 43 index.
  RA,Dec = (251.121,23.7978), pixel scale 0.350373 arcsec/pix.
  Hit/miss:   Hit/miss: ++--------+++--++-----++-+-+(best)--c--++++
Field 1: solved with index index-5001-10.fits.
Field 1 solved: writing to file ./spm0041o_b.solved to indicate this.
Field: /Users/will/Dropbox/Papers/LL-Objects/NGC6210/Temporada2015/spm0041o_b.fits
Field center: (RA,Dec) = (251.120841, 23.797797) deg.
Field center: (RA H:M:S, Dec D:M:S) = (16:44:29.002, +23:47:52.069).
Field size: 5.51838 x 5.92715 arcminutes
Field rotation angle: up is -87.8633 degrees E of N
Field parity: pos
Creating new FITS file "./spm0041o_b-wcs.fits"...
Creating index object overlay plot...
Creating annotation plot...
Your field contains:
  NGC 6210

Reading input file 1 of 1: "/Users/will/Dropbox/Papers/LL-Objects/NGC6210/Temporada2015/spm0042o_b.fits"...
ERROR: Image type not recognized: Unknown image type "["cannot open `/Users/will/Dropbox/Papers/LL-Objects/NGC6210/Temporada2015/spm0042o_b.fits' (No such file or directory)"]"
augment-xylist.c:589:backtick Failed to run command: /usr/local/bin/image2pnm --infile /Users/will/Dropbox/Papers/LL-Objects/NGC6210/Temporada2015/spm0042o_b.fits --uncompressed-outfile /tmp/tmp.uncompressed.ODBEJi --outfile /tmp/tmp.ppm.7vePdZ --ppm --mydir /usr/local/bin/solve-field
 ioutils.c:567:run_command_get_outputs Command failed: return value 255
Reading input file 1 of 1: "/Users/will/Dropbox/Papers/LL-Objects/NGC6210/Temporada2015/spm0047o_b.fits"...
ERROR: Image type not recognized: Unknown image type "["cannot open `/Users/will/Dropbox/Papers/LL-Objects/NGC6210/Temporada2015/spm0047o_b.fits' (No such file or directory)"]"
augment-xylist.c:589:backtick Failed to run command: /usr/local/bin/image2pnm --infile /Users/will/Dropbox/Papers/LL-Objects/NGC6210/Temporada2015/spm0047o_b.fits --uncompressed-outfile /tmp/tmp.uncompressed.W5Hx9r --outfile /tmp/tmp.ppm.71wWoL --ppm --mydir /usr/local/bin/solve-field
 ioutils.c:567:run_command_get_outputs Command failed: return value 255
Reading input file 1 of 1: "/Users/will/Dropbox/Papers/LL-Objects/NGC6210/Temporada2015/spm0048o_b.fits"...
Extracting sources...
simplexy: found 41 sources.
Solving...
system: No such file or directory
engine.c:79:engine_autoindex_search_paths: Warning: failed to open index directory: "/usr/local/Cellar/astrometry-net/0.76_2/data"

Reading file "./spm0048o_b.axy"...
Only searching for solutions within 1 degrees of RA,Dec (251.123,23.7999)
  log-odds ratio 40.392 (3.48362e+17), 13 match, 1 conflict, 22 distractors, 40 index.
  RA,Dec = (251.119,23.7981), pixel scale 0.35039 arcsec/pix.
  Hit/miss:   Hit/miss: c+----+-----+--+----++-+---+++-+--++(best)-++++
Field 1: solved with index index-5001-10.fits.
Field 1 solved: writing to file ./spm0048o_b.solved to indicate this.
Field: /Users/will/Dropbox/Papers/LL-Objects/NGC6210/Temporada2015/spm0048o_b.fits
Field center: (RA,Dec) = (251.118643, 23.798089) deg.
Field center: (RA H:M:S, Dec D:M:S) = (16:44:28.474, +23:47:53.120).
Field size: 5.51864 x 5.92742 arcminutes
Field rotation angle: up is -87.8752 degrees E of N
Field parity: pos
Creating new FITS file "./spm0048o_b-wcs.fits"...
Creating index object overlay plot...
Creating annotation plot...
Your field contains:
  NGC 6210

Reading input file 1 of 1: "/Users/will/Dropbox/Papers/LL-Objects/NGC6210/Temporada2015/spm0053o_b.fits"...
Extracting sources...
simplexy: found 46 sources.
/usr/local/Cellar/astrometry-net/0.76_2/libexec/lib/python3.7/site-packages/astrometry/util/removelines.py:25: RuntimeWarning: divide by zero encountered in log
  logpoisson = k*np.log(mean) - mean - np.array([sum(np.arange(kk)) for kk in k])
/usr/local/Cellar/astrometry-net/0.76_2/libexec/lib/python3.7/site-packages/astrometry/util/removelines.py:25: RuntimeWarning: invalid value encountered in multiply
  logpoisson = k*np.log(mean) - mean - np.array([sum(np.arange(kk)) for kk in k])
/usr/local/Cellar/astrometry-net/0.76_2/libexec/lib/python3.7/site-packages/astrometry/util/removelines.py:26: RuntimeWarning: invalid value encountered in less
  badbins = occupied[logpoisson < logcut]
Solving...
system: No such file or directory
engine.c:79:engine_autoindex_search_paths: Warning: failed to open index directory: "/usr/local/Cellar/astrometry-net/0.76_2/data"

Reading file "./spm0053o_b.axy"...
Only searching for solutions within 1 degrees of RA,Dec (251.123,23.7999)
Field 1 did not solve (index index-5000-10.fits).
Field: /Users/will/Dropbox/Papers/LL-Objects/NGC6210/Temporada2015/spm0053o_b.fits
Did not solve (or no WCS file was written).

Reading input file 1 of 1: "/Users/will/Dropbox/Papers/LL-Objects/NGC6210/Temporada2015/spm0056o_b.fits"...
Extracting sources...
simplexy: found 44 sources.
/usr/local/Cellar/astrometry-net/0.76_2/libexec/lib/python3.7/site-packages/astrometry/util/removelines.py:25: RuntimeWarning: divide by zero encountered in log
  logpoisson = k*np.log(mean) - mean - np.array([sum(np.arange(kk)) for kk in k])
/usr/local/Cellar/astrometry-net/0.76_2/libexec/lib/python3.7/site-packages/astrometry/util/removelines.py:25: RuntimeWarning: invalid value encountered in multiply
  logpoisson = k*np.log(mean) - mean - np.array([sum(np.arange(kk)) for kk in k])
/usr/local/Cellar/astrometry-net/0.76_2/libexec/lib/python3.7/site-packages/astrometry/util/removelines.py:26: RuntimeWarning: invalid value encountered in less
  badbins = occupied[logpoisson < logcut]
Solving...
system: No such file or directory
engine.c:79:engine_autoindex_search_paths: Warning: failed to open index directory: "/usr/local/Cellar/astrometry-net/0.76_2/data"

Reading file "./spm0056o_b.axy"...
Only searching for solutions within 1 degrees of RA,Dec (251.123,23.7999)
  log-odds ratio 43.4922 (7.73455e+18), 14 match, 0 conflict, 25 distractors, 40 index.
  RA,Dec = (251.117,23.7981), pixel scale 0.350908 arcsec/pix.
  Hit/miss:   Hit/miss: ++--------------++----++++-++--+-+---++(best)-++++
Field 1: solved with index index-5001-10.fits.
Field 1 solved: writing to file ./spm0056o_b.solved to indicate this.
Field: /Users/will/Dropbox/Papers/LL-Objects/NGC6210/Temporada2015/spm0056o_b.fits
Field center: (RA,Dec) = (251.117368, 23.798078) deg.
Field center: (RA H:M:S, Dec D:M:S) = (16:44:28.168, +23:47:53.081).
Field size: 5.5268 x 5.93619 arcminutes
Field rotation angle: up is -87.8935 degrees E of N
Field parity: pos
Creating new FITS file "./spm0056o_b-wcs.fits"...
Creating index object overlay plot...
Creating annotation plot...
Your field contains:
  NGC 6210

Reading input file 1 of 1: "/Users/will/Dropbox/Papers/LL-Objects/NGC6210/Temporada2015/spm0061o_b.fits"...
Extracting sources...
simplexy: found 51 sources.
/usr/local/Cellar/astrometry-net/0.76_2/libexec/lib/python3.7/site-packages/astrometry/util/removelines.py:25: RuntimeWarning: divide by zero encountered in log
  logpoisson = k*np.log(mean) - mean - np.array([sum(np.arange(kk)) for kk in k])
/usr/local/Cellar/astrometry-net/0.76_2/libexec/lib/python3.7/site-packages/astrometry/util/removelines.py:25: RuntimeWarning: invalid value encountered in multiply
  logpoisson = k*np.log(mean) - mean - np.array([sum(np.arange(kk)) for kk in k])
/usr/local/Cellar/astrometry-net/0.76_2/libexec/lib/python3.7/site-packages/astrometry/util/removelines.py:26: RuntimeWarning: invalid value encountered in less
  badbins = occupied[logpoisson < logcut]
Solving...
system: No such file or directory
engine.c:79:engine_autoindex_search_paths: Warning: failed to open index directory: "/usr/local/Cellar/astrometry-net/0.76_2/data"

Reading file "./spm0061o_b.axy"...
Only searching for solutions within 1 degrees of RA,Dec (251.123,23.7999)
Field 1 did not solve (index index-5000-10.fits).
Field: /Users/will/Dropbox/Papers/LL-Objects/NGC6210/Temporada2015/spm0061o_b.fits
Did not solve (or no WCS file was written).

Reading input file 1 of 1: "/Users/will/Dropbox/Papers/LL-Objects/NGC6210/Temporada2015/spm0109o_b.fits"...
Extracting sources...
simplexy: found 38 sources.
Solving...
system: No such file or directory
engine.c:79:engine_autoindex_search_paths: Warning: failed to open index directory: "/usr/local/Cellar/astrometry-net/0.76_2/data"

Reading file "./spm0109o_b.axy"...
Only searching for solutions within 1 degrees of RA,Dec (251.123,23.7999)
  log-odds ratio 40.8401 (5.45297e+17), 13 match, 1 conflict, 20 distractors, 42 index.
  RA,Dec = (251.124,23.8061), pixel scale 0.350491 arcsec/pix.
  Hit/miss:   Hit/miss: ++-+--------c--++--+++----+-+-+-++(best)++++
Field 1: solved with index index-5001-10.fits.
Field 1 solved: writing to file ./spm0109o_b.solved to indicate this.
Field: /Users/will/Dropbox/Papers/LL-Objects/NGC6210/Temporada2015/spm0109o_b.fits
Field center: (RA,Dec) = (251.123915, 23.806057) deg.
Field center: (RA H:M:S, Dec D:M:S) = (16:44:29.740, +23:48:21.804).
Field size: 5.52023 x 5.92913 arcminutes
Field rotation angle: up is -87.9292 degrees E of N
Field parity: pos
Creating new FITS file "./spm0109o_b-wcs.fits"...
Creating index object overlay plot...
Creating annotation plot...
Your field contains:
  NGC 6210

Reading input file 1 of 1: "/Users/will/Dropbox/Papers/LL-Objects/NGC6210/Temporada2015/spm0114o_b.fits"...
Extracting sources...
simplexy: found 28 sources.
/usr/local/Cellar/astrometry-net/0.76_2/libexec/lib/python3.7/site-packages/astrometry/util/removelines.py:25: RuntimeWarning: divide by zero encountered in log
  logpoisson = k*np.log(mean) - mean - np.array([sum(np.arange(kk)) for kk in k])
/usr/local/Cellar/astrometry-net/0.76_2/libexec/lib/python3.7/site-packages/astrometry/util/removelines.py:25: RuntimeWarning: invalid value encountered in multiply
  logpoisson = k*np.log(mean) - mean - np.array([sum(np.arange(kk)) for kk in k])
/usr/local/Cellar/astrometry-net/0.76_2/libexec/lib/python3.7/site-packages/astrometry/util/removelines.py:26: RuntimeWarning: invalid value encountered in less
  badbins = occupied[logpoisson < logcut]
Solving...
system: No such file or directory
engine.c:79:engine_autoindex_search_paths: Warning: failed to open index directory: "/usr/local/Cellar/astrometry-net/0.76_2/data"

Reading file "./spm0114o_b.axy"...
Only searching for solutions within 1 degrees of RA,Dec (251.123,23.7999)
  log-odds ratio 29.4991 (6.47557e+12), 13 match, 0 conflict, 10 distractors, 71 index.
  RA,Dec = (251.124,23.8055), pixel scale 0.350707 arcsec/pix.
  Hit/miss:   Hit/miss: +++-+-++--+---++--+-+++(best)-++++
Field 1: solved with index index-5000-10.fits.
Field 1 solved: writing to file ./spm0114o_b.solved to indicate this.
Field: /Users/will/Dropbox/Papers/LL-Objects/NGC6210/Temporada2015/spm0114o_b.fits
Field center: (RA,Dec) = (251.123883, 23.805485) deg.
Field center: (RA H:M:S, Dec D:M:S) = (16:44:29.732, +23:48:19.746).
Field size: 5.52363 x 5.93279 arcminutes
Field rotation angle: up is -87.8839 degrees E of N
Field parity: pos
Creating new FITS file "./spm0114o_b-wcs.fits"...
Creating index object overlay plot...
Creating annotation plot...
Your field contains:
  NGC 6210

Reading input file 1 of 1: "/Users/will/Dropbox/Papers/LL-Objects/NGC6210/Temporada2015/spm0115o_b.fits"...
Extracting sources...
simplexy: found 34 sources.
/usr/local/Cellar/astrometry-net/0.76_2/libexec/lib/python3.7/site-packages/astrometry/util/removelines.py:25: RuntimeWarning: divide by zero encountered in log
  logpoisson = k*np.log(mean) - mean - np.array([sum(np.arange(kk)) for kk in k])
/usr/local/Cellar/astrometry-net/0.76_2/libexec/lib/python3.7/site-packages/astrometry/util/removelines.py:25: RuntimeWarning: invalid value encountered in multiply
  logpoisson = k*np.log(mean) - mean - np.array([sum(np.arange(kk)) for kk in k])
/usr/local/Cellar/astrometry-net/0.76_2/libexec/lib/python3.7/site-packages/astrometry/util/removelines.py:26: RuntimeWarning: invalid value encountered in less
  badbins = occupied[logpoisson < logcut]
Solving...
system: No such file or directory
engine.c:79:engine_autoindex_search_paths: Warning: failed to open index directory: "/usr/local/Cellar/astrometry-net/0.76_2/data"

Reading file "./spm0115o_b.axy"...
Only searching for solutions within 1 degrees of RA,Dec (251.123,23.7999)
  log-odds ratio 38.4203 (4.84969e+16), 16 match, 0 conflict, 13 distractors, 71 index.
  RA,Dec = (251.125,23.8056), pixel scale 0.350563 arcsec/pix.
  Hit/miss:   Hit/miss: +-++++-++--++----+---+--+++++(best)-++++
Field 1: solved with index index-5000-10.fits.
Field 1 solved: writing to file ./spm0115o_b.solved to indicate this.
Field: /Users/will/Dropbox/Papers/LL-Objects/NGC6210/Temporada2015/spm0115o_b.fits
Field center: (RA,Dec) = (251.125049, 23.805547) deg.
Field center: (RA H:M:S, Dec D:M:S) = (16:44:30.012, +23:48:19.968).
Field size: 5.52136 x 5.93035 arcminutes
Field rotation angle: up is -87.8741 degrees E of N
Field parity: pos
Creating new FITS file "./spm0115o_b-wcs.fits"...
Creating index object overlay plot...
Creating annotation plot...
Your field contains:
  NGC 6210

Reading input file 1 of 1: "/Users/will/Dropbox/Papers/LL-Objects/NGC6210/Temporada2015/spm0120o_b.fits"...
Extracting sources...
simplexy: found 40 sources.
/usr/local/Cellar/astrometry-net/0.76_2/libexec/lib/python3.7/site-packages/astrometry/util/removelines.py:25: RuntimeWarning: divide by zero encountered in log
  logpoisson = k*np.log(mean) - mean - np.array([sum(np.arange(kk)) for kk in k])
/usr/local/Cellar/astrometry-net/0.76_2/libexec/lib/python3.7/site-packages/astrometry/util/removelines.py:25: RuntimeWarning: invalid value encountered in multiply
  logpoisson = k*np.log(mean) - mean - np.array([sum(np.arange(kk)) for kk in k])
/usr/local/Cellar/astrometry-net/0.76_2/libexec/lib/python3.7/site-packages/astrometry/util/removelines.py:26: RuntimeWarning: invalid value encountered in less
  badbins = occupied[logpoisson < logcut]
Solving...
system: No such file or directory
engine.c:79:engine_autoindex_search_paths: Warning: failed to open index directory: "/usr/local/Cellar/astrometry-net/0.76_2/data"

Reading file "./spm0120o_b.axy"...
Only searching for solutions within 1 degrees of RA,Dec (251.123,23.7999)
  log-odds ratio 23.3116 (1.33074e+10), 15 match, 0 conflict, 19 distractors, 72 index.
  RA,Dec = (251.125,23.8062), pixel scale 0.350591 arcsec/pix.
  Hit/miss:   Hit/miss: +---+--+---------+-+++-+++-+++-+-+(best)--++++
Field 1: solved with index index-5000-10.fits.
Field 1 solved: writing to file ./spm0120o_b.solved to indicate this.
Field: /Users/will/Dropbox/Papers/LL-Objects/NGC6210/Temporada2015/spm0120o_b.fits
Field center: (RA,Dec) = (251.125138, 23.806133) deg.
Field center: (RA H:M:S, Dec D:M:S) = (16:44:30.033, +23:48:22.078).
Field size: 5.5218 x 5.93083 arcminutes
Field rotation angle: up is -87.8813 degrees E of N
Field parity: pos
Creating new FITS file "./spm0120o_b-wcs.fits"...
Creating index object overlay plot...
Creating annotation plot...
Your field contains:
  NGC 6210

Reading input file 1 of 1: "/Users/will/Dropbox/Papers/LL-Objects/NGC6210/Temporada2015/spm0121o_b.fits"...
Extracting sources...
simplexy: found 40 sources.
/usr/local/Cellar/astrometry-net/0.76_2/libexec/lib/python3.7/site-packages/astrometry/util/removelines.py:25: RuntimeWarning: divide by zero encountered in log
  logpoisson = k*np.log(mean) - mean - np.array([sum(np.arange(kk)) for kk in k])
/usr/local/Cellar/astrometry-net/0.76_2/libexec/lib/python3.7/site-packages/astrometry/util/removelines.py:25: RuntimeWarning: invalid value encountered in multiply
  logpoisson = k*np.log(mean) - mean - np.array([sum(np.arange(kk)) for kk in k])
/usr/local/Cellar/astrometry-net/0.76_2/libexec/lib/python3.7/site-packages/astrometry/util/removelines.py:26: RuntimeWarning: invalid value encountered in less
  badbins = occupied[logpoisson < logcut]
Solving...
system: No such file or directory
engine.c:79:engine_autoindex_search_paths: Warning: failed to open index directory: "/usr/local/Cellar/astrometry-net/0.76_2/data"

Reading file "./spm0121o_b.axy"...
Only searching for solutions within 1 degrees of RA,Dec (251.123,23.7999)
  log-odds ratio 23.3116 (1.33074e+10), 15 match, 0 conflict, 19 distractors, 72 index.
  RA,Dec = (251.125,23.8062), pixel scale 0.350591 arcsec/pix.
  Hit/miss:   Hit/miss: +---+--+---------+-+++-+++-+++-+-+(best)--++++
Field 1: solved with index index-5000-10.fits.
Field 1 solved: writing to file ./spm0121o_b.solved to indicate this.
Field: /Users/will/Dropbox/Papers/LL-Objects/NGC6210/Temporada2015/spm0121o_b.fits
Field center: (RA,Dec) = (251.125138, 23.806133) deg.
Field center: (RA H:M:S, Dec D:M:S) = (16:44:30.033, +23:48:22.078).
Field size: 5.5218 x 5.93083 arcminutes
Field rotation angle: up is -87.8813 degrees E of N
Field parity: pos
Creating new FITS file "./spm0121o_b-wcs.fits"...
Creating index object overlay plot...
Creating annotation plot...
Your field contains:
  NGC 6210

Reading input file 1 of 1: "/Users/will/Dropbox/Papers/LL-Objects/NGC6210/Temporada2015/spm0123o_b.fits"...
Extracting sources...
simplexy: found 47 sources.
Solving...
system: No such file or directory
engine.c:79:engine_autoindex_search_paths: Warning: failed to open index directory: "/usr/local/Cellar/astrometry-net/0.76_2/data"

Reading file "./spm0123o_b.axy"...
Only searching for solutions within 1 degrees of RA,Dec (251.123,23.7999)
  log-odds ratio 39.5854 (1.55497e+17), 19 match, 1 conflict, 22 distractors, 69 index.
  RA,Dec = (251.117,23.8061), pixel scale 0.350883 arcsec/pix.
  Hit/miss:   Hit/miss: +-++----++-++-++----+---+---+-++-+--++c-++(best)-++++
Field 1: solved with index index-5000-10.fits.
Field 1 solved: writing to file ./spm0123o_b.solved to indicate this.
Field: /Users/will/Dropbox/Papers/LL-Objects/NGC6210/Temporada2015/spm0123o_b.fits
Field center: (RA,Dec) = (251.116820, 23.806072) deg.
Field center: (RA H:M:S, Dec D:M:S) = (16:44:28.037, +23:48:21.860).
Field size: 5.5264 x 5.93576 arcminutes
Field rotation angle: up is -87.8798 degrees E of N
Field parity: pos
Creating new FITS file "./spm0123o_b-wcs.fits"...
Creating index object overlay plot...
Creating annotation plot...
Your field contains:
  NGC 6210

Reading input file 1 of 1: "/Users/will/Dropbox/Papers/LL-Objects/NGC6210/Temporada2015/spm0128o_b.fits"...
Extracting sources...
simplexy: found 50 sources.
Solving...
system: No such file or directory
engine.c:79:engine_autoindex_search_paths: Warning: failed to open index directory: "/usr/local/Cellar/astrometry-net/0.76_2/data"

Reading file "./spm0128o_b.axy"...
Only searching for solutions within 1 degrees of RA,Dec (251.123,23.7999)
Field 1 did not solve (index index-5001-10.fits).
Field: /Users/will/Dropbox/Papers/LL-Objects/NGC6210/Temporada2015/spm0128o_b.fits
Did not solve (or no WCS file was written).

Reading input file 1 of 1: "/Users/will/Dropbox/Papers/LL-Objects/NGC6210/Temporada2015/spm0172o_b.fits"...
Extracting sources...
simplexy: found 69 sources.
Solving...
system: No such file or directory
engine.c:79:engine_autoindex_search_paths: Warning: failed to open index directory: "/usr/local/Cellar/astrometry-net/0.76_2/data"

Reading file "./spm0172o_b.axy"...
Only searching for solutions within 1 degrees of RA,Dec (251.123,23.7999)
  log-odds ratio 30.0457 (1.11859e+13), 18 match, 2 conflict, 26 distractors, 73 index.
  RA,Dec = (251.119,23.8063), pixel scale 0.350722 arcsec/pix.
  Hit/miss:   Hit/miss: --+++----+--+-+c----+-++-+-++--+-+-++----+--c+(best)--------+----------++++
Field 1: solved with index index-5000-10.fits.
Field 1 solved: writing to file ./spm0172o_b.solved to indicate this.
Field: /Users/will/Dropbox/Papers/LL-Objects/NGC6210/Temporada2015/spm0172o_b.fits
Field center: (RA,Dec) = (251.119259, 23.806289) deg.
Field center: (RA H:M:S, Dec D:M:S) = (16:44:28.622, +23:48:22.639).
Field size: 5.52387 x 5.93304 arcminutes
Field rotation angle: up is -87.8301 degrees E of N
Field parity: pos
Creating new FITS file "./spm0172o_b-wcs.fits"...
Creating index object overlay plot...
Creating annotation plot...
Your field contains:
  NGC 6210

Reading input file 1 of 1: "/Users/will/Dropbox/Papers/LL-Objects/NGC6210/Temporada2015/spm0177o_b.fits"...
Extracting sources...
simplexy: found 45 sources.
Solving...
system: No such file or directory
engine.c:79:engine_autoindex_search_paths: Warning: failed to open index directory: "/usr/local/Cellar/astrometry-net/0.76_2/data"

Reading file "./spm0177o_b.axy"...
Only searching for solutions within 1 degrees of RA,Dec (251.123,23.7999)
  log-odds ratio 24.6787 (5.22161e+10), 13 match, 1 conflict, 27 distractors, 41 index.
  RA,Dec = (251.119,23.8058), pixel scale 0.351044 arcsec/pix.
  Hit/miss:   Hit/miss: -+c-----+---+----+-+------+-+--+--+++--++(best)++++
Field 1: solved with index index-5001-10.fits.
Field 1 solved: writing to file ./spm0177o_b.solved to indicate this.
Field: /Users/will/Dropbox/Papers/LL-Objects/NGC6210/Temporada2015/spm0177o_b.fits
Field center: (RA,Dec) = (251.119155, 23.805768) deg.
Field center: (RA H:M:S, Dec D:M:S) = (16:44:28.597, +23:48:20.763).
Field size: 5.52894 x 5.9385 arcminutes
Field rotation angle: up is -87.9161 degrees E of N
Field parity: pos
Creating new FITS file "./spm0177o_b-wcs.fits"...
Creating index object overlay plot...
Creating annotation plot...
Your field contains:
  NGC 6210

Reading input file 1 of 1: "/Users/will/Dropbox/Papers/LL-Objects/NGC6210/Temporada2015/spm0178o_b.fits"...
Extracting sources...
simplexy: found 43 sources.
Solving...
system: No such file or directory
engine.c:79:engine_autoindex_search_paths: Warning: failed to open index directory: "/usr/local/Cellar/astrometry-net/0.76_2/data"

Reading file "./spm0178o_b.axy"...
Only searching for solutions within 1 degrees of RA,Dec (251.123,23.7999)
  log-odds ratio 16.3803 (1.2998e+07), 15 match, 1 conflict, 26 distractors, 69 index.
  RA,Dec = (251.117,23.8058), pixel scale 0.350818 arcsec/pix.
  log-odds ratio 28.7269 (2.99187e+12), 12 match, 1 conflict, 26 distractors, 40 index.
  RA,Dec = (251.117,23.8058), pixel scale 0.350356 arcsec/pix.
  Hit/miss:   Hit/miss: -+---+------+---+----+-+-++-+----c+--++(best)++++
Field 1: solved with index index-5001-10.fits.
Field 1 solved: writing to file ./spm0178o_b.solved to indicate this.
Field: /Users/will/Dropbox/Papers/LL-Objects/NGC6210/Temporada2015/spm0178o_b.fits
Field center: (RA,Dec) = (251.117175, 23.805765) deg.
Field center: (RA H:M:S, Dec D:M:S) = (16:44:28.122, +23:48:20.756).
Field size: 5.51811 x 5.92685 arcminutes
Field rotation angle: up is -87.8434 degrees E of N
Field parity: pos
Creating new FITS file "./spm0178o_b-wcs.fits"...
Creating index object overlay plot...
Creating annotation plot...
Your field contains:
  NGC 6210

Reading input file 1 of 1: "/Users/will/Dropbox/Papers/LL-Objects/NGC6210/Temporada2015/spm0183o_b.fits"...
Extracting sources...
simplexy: found 32 sources.
Solving...
system: No such file or directory
engine.c:79:engine_autoindex_search_paths: Warning: failed to open index directory: "/usr/local/Cellar/astrometry-net/0.76_2/data"

Reading file "./spm0183o_b.axy"...
Only searching for solutions within 1 degrees of RA,Dec (251.123,23.7999)
Field 1 did not solve (index index-5003-10.fits).
Field: /Users/will/Dropbox/Papers/LL-Objects/NGC6210/Temporada2015/spm0183o_b.fits
Did not solve (or no WCS file was written).

Reading input file 1 of 1: "/Users/will/Dropbox/Papers/LL-Objects/NGC6210/Temporada2015/spm0185o_b.fits"...
Extracting sources...
simplexy: found 43 sources.
/usr/local/Cellar/astrometry-net/0.76_2/libexec/lib/python3.7/site-packages/astrometry/util/removelines.py:25: RuntimeWarning: divide by zero encountered in log
  logpoisson = k*np.log(mean) - mean - np.array([sum(np.arange(kk)) for kk in k])
/usr/local/Cellar/astrometry-net/0.76_2/libexec/lib/python3.7/site-packages/astrometry/util/removelines.py:25: RuntimeWarning: invalid value encountered in multiply
  logpoisson = k*np.log(mean) - mean - np.array([sum(np.arange(kk)) for kk in k])
/usr/local/Cellar/astrometry-net/0.76_2/libexec/lib/python3.7/site-packages/astrometry/util/removelines.py:26: RuntimeWarning: invalid value encountered in less
  badbins = occupied[logpoisson < logcut]
Solving...
system: No such file or directory
engine.c:79:engine_autoindex_search_paths: Warning: failed to open index directory: "/usr/local/Cellar/astrometry-net/0.76_2/data"

Reading file "./spm0185o_b.axy"...
Only searching for solutions within 1 degrees of RA,Dec (251.123,23.7999)
  log-odds ratio 49.5601 (3.3396e+21), 15 match, 1 conflict, 23 distractors, 40 index.
  RA,Dec = (251.119,23.8059), pixel scale 0.350594 arcsec/pix.
  Hit/miss:   Hit/miss: -+c+-+-++-+--------+------+---++-+-++++(best)++++
Field 1: solved with index index-5001-10.fits.
Field 1 solved: writing to file ./spm0185o_b.solved to indicate this.
Field: /Users/will/Dropbox/Papers/LL-Objects/NGC6210/Temporada2015/spm0185o_b.fits
Field center: (RA,Dec) = (251.118645, 23.805827) deg.
Field center: (RA H:M:S, Dec D:M:S) = (16:44:28.475, +23:48:20.977).
Field size: 5.52186 x 5.93089 arcminutes
Field rotation angle: up is -87.8992 degrees E of N
Field parity: pos
Creating new FITS file "./spm0185o_b-wcs.fits"...
Creating index object overlay plot...
Creating annotation plot...
Your field contains:
  NGC 6210

Reading input file 1 of 1: "/Users/will/Dropbox/Papers/LL-Objects/NGC6210/Temporada2015/spm0190o_b.fits"...
Extracting sources...
simplexy: found 49 sources.
/usr/local/Cellar/astrometry-net/0.76_2/libexec/lib/python3.7/site-packages/astrometry/util/removelines.py:25: RuntimeWarning: divide by zero encountered in log
  logpoisson = k*np.log(mean) - mean - np.array([sum(np.arange(kk)) for kk in k])
/usr/local/Cellar/astrometry-net/0.76_2/libexec/lib/python3.7/site-packages/astrometry/util/removelines.py:25: RuntimeWarning: invalid value encountered in multiply
  logpoisson = k*np.log(mean) - mean - np.array([sum(np.arange(kk)) for kk in k])
/usr/local/Cellar/astrometry-net/0.76_2/libexec/lib/python3.7/site-packages/astrometry/util/removelines.py:26: RuntimeWarning: invalid value encountered in less
  badbins = occupied[logpoisson < logcut]
Solving...
system: No such file or directory
engine.c:79:engine_autoindex_search_paths: Warning: failed to open index directory: "/usr/local/Cellar/astrometry-net/0.76_2/data"

Reading file "./spm0190o_b.axy"...
Only searching for solutions within 1 degrees of RA,Dec (251.123,23.7999)
  log-odds ratio 15.1332 (3.73474e+06), 13 match, 0 conflict, 36 distractors, 40 index.
  RA,Dec = (251.119,23.8057), pixel scale 0.350606 arcsec/pix.
Field 1 did not solve (index index-5002-10.fits).
Field: /Users/will/Dropbox/Papers/LL-Objects/NGC6210/Temporada2015/spm0190o_b.fits
Did not solve (or no WCS file was written).

