Reading input file 1 of 1: "/Users/will/Dropbox/Papers/LL-Objects/NGC6210/Varias-temporadas/obj1002_bcr.fits"...
Extracting sources...
simplexy: found 10 sources.
/usr/local/Cellar/astrometry-net/0.76_2/libexec/lib/python3.7/site-packages/astrometry/util/removelines.py:25: RuntimeWarning: divide by zero encountered in log
  logpoisson = k*np.log(mean) - mean - np.array([sum(np.arange(kk)) for kk in k])
/usr/local/Cellar/astrometry-net/0.76_2/libexec/lib/python3.7/site-packages/astrometry/util/removelines.py:25: RuntimeWarning: invalid value encountered in multiply
  logpoisson = k*np.log(mean) - mean - np.array([sum(np.arange(kk)) for kk in k])
/usr/local/Cellar/astrometry-net/0.76_2/libexec/lib/python3.7/site-packages/astrometry/util/removelines.py:26: RuntimeWarning: invalid value encountered in less
  badbins = occupied[logpoisson < logcut]
Solving...
system: No such file or directory
engine.c:79:engine_autoindex_search_paths: Warning: failed to open index directory: "/usr/local/Cellar/astrometry-net/0.76_2/data"

Reading file "./obj1002_bcr.axy"...
Only searching for solutions within 0.1 degrees of RA,Dec (251.123,23.7999)
Field 1 did not solve (index index-5001-10.fits).
Field: /Users/will/Dropbox/Papers/LL-Objects/NGC6210/Varias-temporadas/obj1002_bcr.fits
Did not solve (or no WCS file was written).

Reading input file 1 of 1: "/Users/will/Dropbox/Papers/LL-Objects/NGC6210/Varias-temporadas/obj1006_bcr.fits"...
Extracting sources...
simplexy: found 13 sources.
/usr/local/Cellar/astrometry-net/0.76_2/libexec/lib/python3.7/site-packages/astrometry/util/removelines.py:25: RuntimeWarning: divide by zero encountered in log
  logpoisson = k*np.log(mean) - mean - np.array([sum(np.arange(kk)) for kk in k])
/usr/local/Cellar/astrometry-net/0.76_2/libexec/lib/python3.7/site-packages/astrometry/util/removelines.py:25: RuntimeWarning: invalid value encountered in multiply
  logpoisson = k*np.log(mean) - mean - np.array([sum(np.arange(kk)) for kk in k])
/usr/local/Cellar/astrometry-net/0.76_2/libexec/lib/python3.7/site-packages/astrometry/util/removelines.py:26: RuntimeWarning: invalid value encountered in less
  badbins = occupied[logpoisson < logcut]
Solving...
system: No such file or directory
engine.c:79:engine_autoindex_search_paths: Warning: failed to open index directory: "/usr/local/Cellar/astrometry-net/0.76_2/data"

Reading file "./obj1006_bcr.axy"...
Only searching for solutions within 0.1 degrees of RA,Dec (251.123,23.7999)
Field 1 did not solve (index index-5000-10.fits).
Field: /Users/will/Dropbox/Papers/LL-Objects/NGC6210/Varias-temporadas/obj1006_bcr.fits
Did not solve (or no WCS file was written).

Reading input file 1 of 1: "/Users/will/Dropbox/Papers/LL-Objects/NGC6210/Varias-temporadas/obj1009_bcr.fits"...
Extracting sources...
simplexy: found 13 sources.
/usr/local/Cellar/astrometry-net/0.76_2/libexec/lib/python3.7/site-packages/astrometry/util/removelines.py:25: RuntimeWarning: divide by zero encountered in log
  logpoisson = k*np.log(mean) - mean - np.array([sum(np.arange(kk)) for kk in k])
/usr/local/Cellar/astrometry-net/0.76_2/libexec/lib/python3.7/site-packages/astrometry/util/removelines.py:25: RuntimeWarning: invalid value encountered in multiply
  logpoisson = k*np.log(mean) - mean - np.array([sum(np.arange(kk)) for kk in k])
/usr/local/Cellar/astrometry-net/0.76_2/libexec/lib/python3.7/site-packages/astrometry/util/removelines.py:26: RuntimeWarning: invalid value encountered in less
  badbins = occupied[logpoisson < logcut]
Solving...
system: No such file or directory
engine.c:79:engine_autoindex_search_paths: Warning: failed to open index directory: "/usr/local/Cellar/astrometry-net/0.76_2/data"

Reading file "./obj1009_bcr.axy"...
Only searching for solutions within 0.1 degrees of RA,Dec (251.123,23.7999)
  log-odds ratio 17.9625 (6.32408e+07), 5 match, 1 conflict, 3 distractors, 31 index.
  RA,Dec = (251.122,23.8288), pixel scale 0.626803 arcsec/pix.
  Hit/miss:   Hit/miss: -+++c-+-+(best)++++
Field 1: solved with index index-5001-10.fits.
Field 1 solved: writing to file ./obj1009_bcr.solved to indicate this.
Field: /Users/will/Dropbox/Papers/LL-Objects/NGC6210/Varias-temporadas/obj1009_bcr.fits
Field center: (RA,Dec) = (251.122314, 23.828697) deg.
Field center: (RA H:M:S, Dec D:M:S) = (16:44:29.355, +23:49:43.308).
Field size: 5.34871 x 5.09799 arcminutes
Field rotation angle: up is 91.6333 degrees E of N
Field parity: neg
Creating new FITS file "./obj1009_bcr-wcs.fits"...
Creating index object overlay plot...
Creating annotation plot...
Your field contains:
  NGC 6210

Reading input file 1 of 1: "/Users/will/Dropbox/Papers/LL-Objects/NGC6210/Varias-temporadas/obj1012_bcr.fits"...
Extracting sources...
simplexy: found 12 sources.
/usr/local/Cellar/astrometry-net/0.76_2/libexec/lib/python3.7/site-packages/astrometry/util/removelines.py:25: RuntimeWarning: divide by zero encountered in log
  logpoisson = k*np.log(mean) - mean - np.array([sum(np.arange(kk)) for kk in k])
/usr/local/Cellar/astrometry-net/0.76_2/libexec/lib/python3.7/site-packages/astrometry/util/removelines.py:25: RuntimeWarning: invalid value encountered in multiply
  logpoisson = k*np.log(mean) - mean - np.array([sum(np.arange(kk)) for kk in k])
/usr/local/Cellar/astrometry-net/0.76_2/libexec/lib/python3.7/site-packages/astrometry/util/removelines.py:26: RuntimeWarning: invalid value encountered in less
  badbins = occupied[logpoisson < logcut]
Solving...
system: No such file or directory
engine.c:79:engine_autoindex_search_paths: Warning: failed to open index directory: "/usr/local/Cellar/astrometry-net/0.76_2/data"

Reading file "./obj1012_bcr.axy"...
Only searching for solutions within 0.1 degrees of RA,Dec (251.123,23.7999)
  log-odds ratio 21.0408 (1.37375e+09), 6 match, 0 conflict, 2 distractors, 50 index.
  RA,Dec = (251.122,23.82), pixel scale 0.623726 arcsec/pix.
  Hit/miss:   Hit/miss: ++--++++(best)++++
Field 1: solved with index index-5000-10.fits.
Field 1 solved: writing to file ./obj1012_bcr.solved to indicate this.
Field: /Users/will/Dropbox/Papers/LL-Objects/NGC6210/Varias-temporadas/obj1012_bcr.fits
Field center: (RA,Dec) = (251.122134, 23.819901) deg.
Field center: (RA H:M:S, Dec D:M:S) = (16:44:29.312, +23:49:11.643).
Field size: 5.32246 x 5.07297 arcminutes
Field rotation angle: up is 91.2124 degrees E of N
Field parity: neg
Creating new FITS file "./obj1012_bcr-wcs.fits"...
Creating index object overlay plot...
Creating annotation plot...
Your field contains:
  NGC 6210

Reading input file 1 of 1: "/Users/will/Dropbox/Papers/LL-Objects/NGC6210/Varias-temporadas/obj1017_bcr.fits"...
Extracting sources...
simplexy: found 15 sources.
/usr/local/Cellar/astrometry-net/0.76_2/libexec/lib/python3.7/site-packages/astrometry/util/removelines.py:25: RuntimeWarning: divide by zero encountered in log
  logpoisson = k*np.log(mean) - mean - np.array([sum(np.arange(kk)) for kk in k])
/usr/local/Cellar/astrometry-net/0.76_2/libexec/lib/python3.7/site-packages/astrometry/util/removelines.py:25: RuntimeWarning: invalid value encountered in multiply
  logpoisson = k*np.log(mean) - mean - np.array([sum(np.arange(kk)) for kk in k])
/usr/local/Cellar/astrometry-net/0.76_2/libexec/lib/python3.7/site-packages/astrometry/util/removelines.py:26: RuntimeWarning: invalid value encountered in less
  badbins = occupied[logpoisson < logcut]
Solving...
system: No such file or directory
engine.c:79:engine_autoindex_search_paths: Warning: failed to open index directory: "/usr/local/Cellar/astrometry-net/0.76_2/data"

Reading file "./obj1017_bcr.axy"...
Only searching for solutions within 0.1 degrees of RA,Dec (251.123,23.7999)
  log-odds ratio 28.0949 (1.59028e+12), 8 match, 0 conflict, 3 distractors, 52 index.
  RA,Dec = (251.123,23.8175), pixel scale 0.622795 arcsec/pix.
  Hit/miss:   Hit/miss: +-+-++-++++(best)++++
Field 1: solved with index index-5000-10.fits.
Field 1 solved: writing to file ./obj1017_bcr.solved to indicate this.
Field: /Users/will/Dropbox/Papers/LL-Objects/NGC6210/Varias-temporadas/obj1017_bcr.fits
Field center: (RA,Dec) = (251.122963, 23.817459) deg.
Field center: (RA H:M:S, Dec D:M:S) = (16:44:29.511, +23:49:02.852).
Field size: 5.31451 x 5.0654 arcminutes
Field rotation angle: up is 91.2713 degrees E of N
Field parity: neg
Creating new FITS file "./obj1017_bcr-wcs.fits"...
Creating index object overlay plot...
Creating annotation plot...
Your field contains:
  NGC 6210

Reading input file 1 of 1: "/Users/will/Dropbox/Papers/LL-Objects/NGC6210/Varias-temporadas/spm110_u.fits"...
Extracting sources...
simplexy: found 55 sources.
Solving...
system: No such file or directory
engine.c:79:engine_autoindex_search_paths: Warning: failed to open index directory: "/usr/local/Cellar/astrometry-net/0.76_2/data"

Reading file "./spm110_u.axy"...
Only searching for solutions within 0.1 degrees of RA,Dec (251.123,23.7999)
  log-odds ratio 14.5555 (2.09597e+06), 5 match, 0 conflict, 6 distractors, 35 index.
  RA,Dec = (251.123,23.7973), pixel scale 0.623609 arcsec/pix.
  Hit/miss:   Hit/miss: -+-+---+-++(best)---------------------+-+-----------+-+++++++
Field 1: solved with index index-5001-10.fits.
Field 1 solved: writing to file ./spm110_u.solved to indicate this.
Field: /Users/will/Dropbox/Papers/LL-Objects/NGC6210/Varias-temporadas/spm110_u.fits
Field center: (RA,Dec) = (251.123573, 23.797359) deg.
Field center: (RA H:M:S, Dec D:M:S) = (16:44:29.658, +23:47:50.492).
Field size: 5.32146 x 5.32146 arcminutes
Field rotation angle: up is -0.434974 degrees E of N
Field parity: neg
Creating new FITS file "./spm110_u-wcs.fits"...
Creating index object overlay plot...
Creating annotation plot...
Your field contains:
  NGC 6210

Reading input file 1 of 1: "/Users/will/Dropbox/Papers/LL-Objects/NGC6210/Varias-temporadas/spm115_bcr.fits"...
Extracting sources...
simplexy: found 18 sources.
/usr/local/Cellar/astrometry-net/0.76_2/libexec/lib/python3.7/site-packages/astrometry/util/removelines.py:25: RuntimeWarning: divide by zero encountered in log
  logpoisson = k*np.log(mean) - mean - np.array([sum(np.arange(kk)) for kk in k])
/usr/local/Cellar/astrometry-net/0.76_2/libexec/lib/python3.7/site-packages/astrometry/util/removelines.py:25: RuntimeWarning: invalid value encountered in multiply
  logpoisson = k*np.log(mean) - mean - np.array([sum(np.arange(kk)) for kk in k])
/usr/local/Cellar/astrometry-net/0.76_2/libexec/lib/python3.7/site-packages/astrometry/util/removelines.py:26: RuntimeWarning: invalid value encountered in less
  badbins = occupied[logpoisson < logcut]
Solving...
system: No such file or directory
engine.c:79:engine_autoindex_search_paths: Warning: failed to open index directory: "/usr/local/Cellar/astrometry-net/0.76_2/data"

Reading file "./spm115_bcr.axy"...
Only searching for solutions within 0.1 degrees of RA,Dec (251.123,23.7999)
  log-odds ratio 37.187 (1.41286e+16), 11 match, 0 conflict, 3 distractors, 57 index.
  RA,Dec = (251.123,23.7971), pixel scale 0.623748 arcsec/pix.
  Hit/miss:   Hit/miss: +++--+++-+++++(best)++++
Field 1: solved with index index-5000-10.fits.
Field 1 solved: writing to file ./spm115_bcr.solved to indicate this.
Field: /Users/will/Dropbox/Papers/LL-Objects/NGC6210/Varias-temporadas/spm115_bcr.fits
Field center: (RA,Dec) = (251.123197, 23.797137) deg.
Field center: (RA H:M:S, Dec D:M:S) = (16:44:29.567, +23:47:49.694).
Field size: 5.32265 x 5.32265 arcminutes
Field rotation angle: up is -0.359932 degrees E of N
Field parity: neg
Creating new FITS file "./spm115_bcr-wcs.fits"...
Creating index object overlay plot...
Creating annotation plot...
Your field contains:
  NGC 6210

Reading input file 1 of 1: "/Users/will/Dropbox/Papers/LL-Objects/NGC6210/Varias-temporadas/spm118_bcr.fits"...
Extracting sources...
simplexy: found 21 sources.
Solving...
system: No such file or directory
engine.c:79:engine_autoindex_search_paths: Warning: failed to open index directory: "/usr/local/Cellar/astrometry-net/0.76_2/data"

Reading file "./spm118_bcr.axy"...
Only searching for solutions within 0.1 degrees of RA,Dec (251.123,23.7999)
  log-odds ratio 43.3395 (6.63925e+18), 13 match, 0 conflict, 4 distractors, 58 index.
  RA,Dec = (251.124,23.7968), pixel scale 0.623254 arcsec/pix.
  Hit/miss:   Hit/miss: +-++--++++++++-++(best)++++
Field 1: solved with index index-5000-10.fits.
Field 1 solved: writing to file ./spm118_bcr.solved to indicate this.
Field: /Users/will/Dropbox/Papers/LL-Objects/NGC6210/Varias-temporadas/spm118_bcr.fits
Field center: (RA,Dec) = (251.123772, 23.796901) deg.
Field center: (RA H:M:S, Dec D:M:S) = (16:44:29.705, +23:47:48.844).
Field size: 5.31843 x 5.31843 arcminutes
Field rotation angle: up is -0.330957 degrees E of N
Field parity: neg
Creating new FITS file "./spm118_bcr-wcs.fits"...
Creating index object overlay plot...
Creating annotation plot...
Your field contains:
  NGC 6210

Reading input file 1 of 1: "/Users/will/Dropbox/Papers/LL-Objects/NGC6210/Varias-temporadas/spm121_bcr.fits"...
Extracting sources...
simplexy: found 21 sources.
/usr/local/Cellar/astrometry-net/0.76_2/libexec/lib/python3.7/site-packages/astrometry/util/removelines.py:25: RuntimeWarning: divide by zero encountered in log
  logpoisson = k*np.log(mean) - mean - np.array([sum(np.arange(kk)) for kk in k])
/usr/local/Cellar/astrometry-net/0.76_2/libexec/lib/python3.7/site-packages/astrometry/util/removelines.py:25: RuntimeWarning: invalid value encountered in multiply
  logpoisson = k*np.log(mean) - mean - np.array([sum(np.arange(kk)) for kk in k])
/usr/local/Cellar/astrometry-net/0.76_2/libexec/lib/python3.7/site-packages/astrometry/util/removelines.py:26: RuntimeWarning: invalid value encountered in less
  badbins = occupied[logpoisson < logcut]
Solving...
system: No such file or directory
engine.c:79:engine_autoindex_search_paths: Warning: failed to open index directory: "/usr/local/Cellar/astrometry-net/0.76_2/data"

Reading file "./spm121_bcr.axy"...
Only searching for solutions within 0.1 degrees of RA,Dec (251.123,23.7999)
  log-odds ratio 46.3378 (1.33118e+20), 13 match, 0 conflict, 2 distractors, 57 index.
  RA,Dec = (251.119,23.7969), pixel scale 0.623597 arcsec/pix.
  Hit/miss:   Hit/miss: +++-++++++++-++(best)--++++
Field 1: solved with index index-5000-10.fits.
Field 1 solved: writing to file ./spm121_bcr.solved to indicate this.
Field: /Users/will/Dropbox/Papers/LL-Objects/NGC6210/Varias-temporadas/spm121_bcr.fits
Field center: (RA,Dec) = (251.119538, 23.797005) deg.
Field center: (RA H:M:S, Dec D:M:S) = (16:44:28.689, +23:47:49.217).
Field size: 5.32136 x 5.32136 arcminutes
Field rotation angle: up is -0.30318 degrees E of N
Field parity: neg
Creating new FITS file "./spm121_bcr-wcs.fits"...
Creating index object overlay plot...
Creating annotation plot...
Your field contains:
  NGC 6210

Reading input file 1 of 1: "/Users/will/Dropbox/Papers/LL-Objects/NGC6210/Varias-temporadas/spm124_bcr.fits"...
Extracting sources...
simplexy: found 23 sources.
/usr/local/Cellar/astrometry-net/0.76_2/libexec/lib/python3.7/site-packages/astrometry/util/removelines.py:25: RuntimeWarning: divide by zero encountered in log
  logpoisson = k*np.log(mean) - mean - np.array([sum(np.arange(kk)) for kk in k])
/usr/local/Cellar/astrometry-net/0.76_2/libexec/lib/python3.7/site-packages/astrometry/util/removelines.py:25: RuntimeWarning: invalid value encountered in multiply
  logpoisson = k*np.log(mean) - mean - np.array([sum(np.arange(kk)) for kk in k])
/usr/local/Cellar/astrometry-net/0.76_2/libexec/lib/python3.7/site-packages/astrometry/util/removelines.py:26: RuntimeWarning: invalid value encountered in less
  badbins = occupied[logpoisson < logcut]
Solving...
system: No such file or directory
engine.c:79:engine_autoindex_search_paths: Warning: failed to open index directory: "/usr/local/Cellar/astrometry-net/0.76_2/data"

Reading file "./spm124_bcr.axy"...
Only searching for solutions within 0.1 degrees of RA,Dec (251.123,23.7999)
  log-odds ratio 36.2717 (5.65733e+15), 12 match, 0 conflict, 7 distractors, 58 index.
  RA,Dec = (251.118,23.7971), pixel scale 0.622961 arcsec/pix.
  Hit/miss:   Hit/miss: --++-+-+++-+-++-+++(best)++++
Field 1: solved with index index-5000-10.fits.
Field 1 solved: writing to file ./spm124_bcr.solved to indicate this.
Field: /Users/will/Dropbox/Papers/LL-Objects/NGC6210/Varias-temporadas/spm124_bcr.fits
Field center: (RA,Dec) = (251.117759, 23.797160) deg.
Field center: (RA H:M:S, Dec D:M:S) = (16:44:28.262, +23:47:49.775).
Field size: 5.31593 x 5.31593 arcminutes
Field rotation angle: up is -0.281055 degrees E of N
Field parity: neg
Creating new FITS file "./spm124_bcr-wcs.fits"...
Creating index object overlay plot...
Creating annotation plot...
Your field contains:
  NGC 6210

Reading input file 1 of 1: "/Users/will/Dropbox/Papers/LL-Objects/NGC6210/Varias-temporadas/spm127_bcr.fits"...
Extracting sources...
simplexy: found 19 sources.
/usr/local/Cellar/astrometry-net/0.76_2/libexec/lib/python3.7/site-packages/astrometry/util/removelines.py:25: RuntimeWarning: divide by zero encountered in log
  logpoisson = k*np.log(mean) - mean - np.array([sum(np.arange(kk)) for kk in k])
/usr/local/Cellar/astrometry-net/0.76_2/libexec/lib/python3.7/site-packages/astrometry/util/removelines.py:25: RuntimeWarning: invalid value encountered in multiply
  logpoisson = k*np.log(mean) - mean - np.array([sum(np.arange(kk)) for kk in k])
/usr/local/Cellar/astrometry-net/0.76_2/libexec/lib/python3.7/site-packages/astrometry/util/removelines.py:26: RuntimeWarning: invalid value encountered in less
  badbins = occupied[logpoisson < logcut]
Solving...
system: No such file or directory
engine.c:79:engine_autoindex_search_paths: Warning: failed to open index directory: "/usr/local/Cellar/astrometry-net/0.76_2/data"

Reading file "./spm127_bcr.axy"...
Only searching for solutions within 0.1 degrees of RA,Dec (251.123,23.7999)
  log-odds ratio 35.6298 (2.97718e+15), 11 match, 0 conflict, 4 distractors, 59 index.
  RA,Dec = (251.116,23.7974), pixel scale 0.623147 arcsec/pix.
  Hit/miss:   Hit/miss: ++-+-++++-++-++(best)++++
Field 1: solved with index index-5000-10.fits.
Field 1 solved: writing to file ./spm127_bcr.solved to indicate this.
Field: /Users/will/Dropbox/Papers/LL-Objects/NGC6210/Varias-temporadas/spm127_bcr.fits
Field center: (RA,Dec) = (251.115761, 23.797452) deg.
Field center: (RA H:M:S, Dec D:M:S) = (16:44:27.783, +23:47:50.829).
Field size: 5.31752 x 5.31752 arcminutes
Field rotation angle: up is -0.291084 degrees E of N
Field parity: neg
Creating new FITS file "./spm127_bcr-wcs.fits"...
Creating index object overlay plot...
Creating annotation plot...
Your field contains:
  NGC 6210

Reading input file 1 of 1: "/Users/will/Dropbox/Papers/LL-Objects/NGC6210/Varias-temporadas/spm134_bcr.fits"...
Extracting sources...
simplexy: found 20 sources.
/usr/local/Cellar/astrometry-net/0.76_2/libexec/lib/python3.7/site-packages/astrometry/util/removelines.py:25: RuntimeWarning: divide by zero encountered in log
  logpoisson = k*np.log(mean) - mean - np.array([sum(np.arange(kk)) for kk in k])
/usr/local/Cellar/astrometry-net/0.76_2/libexec/lib/python3.7/site-packages/astrometry/util/removelines.py:25: RuntimeWarning: invalid value encountered in multiply
  logpoisson = k*np.log(mean) - mean - np.array([sum(np.arange(kk)) for kk in k])
/usr/local/Cellar/astrometry-net/0.76_2/libexec/lib/python3.7/site-packages/astrometry/util/removelines.py:26: RuntimeWarning: invalid value encountered in less
  badbins = occupied[logpoisson < logcut]
Solving...
system: No such file or directory
engine.c:79:engine_autoindex_search_paths: Warning: failed to open index directory: "/usr/local/Cellar/astrometry-net/0.76_2/data"

Reading file "./spm134_bcr.axy"...
Only searching for solutions within 0.1 degrees of RA,Dec (251.123,23.7999)
  log-odds ratio 46.4 (1.41662e+20), 13 match, 0 conflict, 3 distractors, 57 index.
  RA,Dec = (251.123,23.7981), pixel scale 0.623071 arcsec/pix.
  Hit/miss:   Hit/miss: +++-++++++++--++(best)++++
Field 1: solved with index index-5000-10.fits.
Field 1 solved: writing to file ./spm134_bcr.solved to indicate this.
Field: /Users/will/Dropbox/Papers/LL-Objects/NGC6210/Varias-temporadas/spm134_bcr.fits
Field center: (RA,Dec) = (251.123405, 23.798206) deg.
Field center: (RA H:M:S, Dec D:M:S) = (16:44:29.617, +23:47:53.542).
Field size: 5.31687 x 5.31687 arcminutes
Field rotation angle: up is -0.289623 degrees E of N
Field parity: neg
Creating new FITS file "./spm134_bcr-wcs.fits"...
Creating index object overlay plot...
Creating annotation plot...
Your field contains:
  NGC 6210

Reading input file 1 of 1: "/Users/will/Dropbox/Papers/LL-Objects/NGC6210/Varias-temporadas/spm165_bcr.fits"...
Extracting sources...
simplexy: found 31 sources.
/usr/local/Cellar/astrometry-net/0.76_2/libexec/lib/python3.7/site-packages/astrometry/util/removelines.py:25: RuntimeWarning: divide by zero encountered in log
  logpoisson = k*np.log(mean) - mean - np.array([sum(np.arange(kk)) for kk in k])
/usr/local/Cellar/astrometry-net/0.76_2/libexec/lib/python3.7/site-packages/astrometry/util/removelines.py:25: RuntimeWarning: invalid value encountered in multiply
  logpoisson = k*np.log(mean) - mean - np.array([sum(np.arange(kk)) for kk in k])
/usr/local/Cellar/astrometry-net/0.76_2/libexec/lib/python3.7/site-packages/astrometry/util/removelines.py:26: RuntimeWarning: invalid value encountered in less
  badbins = occupied[logpoisson < logcut]
Solving...
system: No such file or directory
engine.c:79:engine_autoindex_search_paths: Warning: failed to open index directory: "/usr/local/Cellar/astrometry-net/0.76_2/data"

Reading file "./spm165_bcr.axy"...
Only searching for solutions within 0.1 degrees of RA,Dec (251.123,23.7999)
  log-odds ratio 29.8247 (8.96848e+12), 12 match, 1 conflict, 6 distractors, 58 index.
  RA,Dec = (251.119,23.7966), pixel scale 0.636351 arcsec/pix.
  Hit/miss:   Hit/miss: -++++++++c+--+-+--+(best)c--+----++++
Field 1: solved with index index-5000-10.fits.
Field 1 solved: writing to file ./spm165_bcr.solved to indicate this.
Field: /Users/will/Dropbox/Papers/LL-Objects/NGC6210/Varias-temporadas/spm165_bcr.fits
Field center: (RA,Dec) = (251.119459, 23.796675) deg.
Field center: (RA H:M:S, Dec D:M:S) = (16:44:28.670, +23:47:48.030).
Field size: 5.4302 x 5.4302 arcminutes
Field rotation angle: up is -0.577538 degrees E of N
Field parity: neg
Creating new FITS file "./spm165_bcr-wcs.fits"...
Creating index object overlay plot...
Creating annotation plot...
Your field contains:
  NGC 6210

Reading input file 1 of 1: "/Users/will/Dropbox/Papers/LL-Objects/NGC6210/Varias-temporadas/spm223_bcr.fits"...
Extracting sources...
simplexy: found 33 sources.
Solving...
system: No such file or directory
engine.c:79:engine_autoindex_search_paths: Warning: failed to open index directory: "/usr/local/Cellar/astrometry-net/0.76_2/data"

Reading file "./spm223_bcr.axy"...
Only searching for solutions within 0.1 degrees of RA,Dec (251.123,23.7999)
  log-odds ratio 40.9239 (5.92983e+17), 15 match, 1 conflict, 12 distractors, 58 index.
  RA,Dec = (251.116,23.7963), pixel scale 0.620045 arcsec/pix.
  Hit/miss:   Hit/miss: +++--+-+++-+-++-+--++--c-+-+(best)-++++
Field 1: solved with index index-5000-10.fits.
Field 1 solved: writing to file ./spm223_bcr.solved to indicate this.
Field: /Users/will/Dropbox/Papers/LL-Objects/NGC6210/Varias-temporadas/spm223_bcr.fits
Field center: (RA,Dec) = (251.116363, 23.796415) deg.
Field center: (RA H:M:S, Dec D:M:S) = (16:44:27.927, +23:47:47.093).
Field size: 5.29105 x 5.29105 arcminutes
Field rotation angle: up is -20.2609 degrees E of N
Field parity: neg
Creating new FITS file "./spm223_bcr-wcs.fits"...
Creating index object overlay plot...
Creating annotation plot...
Your field contains:
  NGC 6210

Reading input file 1 of 1: "/Users/will/Dropbox/Papers/LL-Objects/NGC6210/Varias-temporadas/spm229_bcr.fits"...
Extracting sources...
simplexy: found 32 sources.
/usr/local/Cellar/astrometry-net/0.76_2/libexec/lib/python3.7/site-packages/astrometry/util/removelines.py:25: RuntimeWarning: divide by zero encountered in log
  logpoisson = k*np.log(mean) - mean - np.array([sum(np.arange(kk)) for kk in k])
/usr/local/Cellar/astrometry-net/0.76_2/libexec/lib/python3.7/site-packages/astrometry/util/removelines.py:25: RuntimeWarning: invalid value encountered in multiply
  logpoisson = k*np.log(mean) - mean - np.array([sum(np.arange(kk)) for kk in k])
/usr/local/Cellar/astrometry-net/0.76_2/libexec/lib/python3.7/site-packages/astrometry/util/removelines.py:26: RuntimeWarning: invalid value encountered in less
  badbins = occupied[logpoisson < logcut]
Solving...
system: No such file or directory
engine.c:79:engine_autoindex_search_paths: Warning: failed to open index directory: "/usr/local/Cellar/astrometry-net/0.76_2/data"

Reading file "./spm229_bcr.axy"...
Only searching for solutions within 0.1 degrees of RA,Dec (251.123,23.7999)
  log-odds ratio 42.373 (2.52547e+18), 11 match, 0 conflict, 8 distractors, 36 index.
  RA,Dec = (251.108,23.798), pixel scale 0.62515 arcsec/pix.
  Hit/miss:   Hit/miss: --+-+++++++-+----++(best)-------+-++++
Field 1: solved with index index-5001-10.fits.
Field 1 solved: writing to file ./spm229_bcr.solved to indicate this.
Field: /Users/will/Dropbox/Papers/LL-Objects/NGC6210/Varias-temporadas/spm229_bcr.fits
Field center: (RA,Dec) = (251.107928, 23.798098) deg.
Field center: (RA H:M:S, Dec D:M:S) = (16:44:25.903, +23:47:53.154).
Field size: 5.33461 x 5.33461 arcminutes
Field rotation angle: up is -67.1773 degrees E of N
Field parity: neg
Creating new FITS file "./spm229_bcr-wcs.fits"...
Creating index object overlay plot...
Creating annotation plot...
Your field contains:
  NGC 6210

Reading input file 1 of 1: "/Users/will/Dropbox/Papers/LL-Objects/NGC6210/Varias-temporadas/spm318_bcr.fits"...
ERROR: Image type not recognized: Unknown image type "["cannot open `/Users/will/Dropbox/Papers/LL-Objects/NGC6210/Varias-temporadas/spm318_bcr.fits' (No such file or directory)"]"
augment-xylist.c:589:backtick Failed to run command: /usr/local/bin/image2pnm --infile /Users/will/Dropbox/Papers/LL-Objects/NGC6210/Varias-temporadas/spm318_bcr.fits --uncompressed-outfile /tmp/tmp.uncompressed.sBoWNx --outfile /tmp/tmp.ppm.YC8T4U --ppm --mydir /usr/local/bin/solve-field
 ioutils.c:567:run_command_get_outputs Command failed: return value 255
Reading input file 1 of 1: "/Users/will/Dropbox/Papers/LL-Objects/NGC6210/Varias-temporadas/spm328_bcr.fits"...
Extracting sources...
simplexy: found 32 sources.
Solving...
system: No such file or directory
engine.c:79:engine_autoindex_search_paths: Warning: failed to open index directory: "/usr/local/Cellar/astrometry-net/0.76_2/data"

Reading file "./spm328_bcr.axy"...
Only searching for solutions within 0.1 degrees of RA,Dec (251.123,23.7999)
  log-odds ratio 60.0864 (1.24502e+26), 14 match, 1 conflict, 6 distractors, 33 index.
  RA,Dec = (251.121,23.8018), pixel scale 0.623544 arcsec/pix.
  Hit/miss:   Hit/miss: +-+++-+++-c+-++++--++(best)-------++++
Field 1: solved with index index-5001-10.fits.
Field 1 solved: writing to file ./spm328_bcr.solved to indicate this.
Field: /Users/will/Dropbox/Papers/LL-Objects/NGC6210/Varias-temporadas/spm328_bcr.fits
Field center: (RA,Dec) = (251.120633, 23.801758) deg.
Field center: (RA H:M:S, Dec D:M:S) = (16:44:28.952, +23:48:06.329).
Field size: 5.3209 x 5.3209 arcminutes
Field rotation angle: up is 77.8417 degrees E of N
Field parity: neg
Creating new FITS file "./spm328_bcr-wcs.fits"...
Creating index object overlay plot...
Creating annotation plot...
Your field contains:
  NGC 6210

Reading input file 1 of 1: "/Users/will/Dropbox/Papers/LL-Objects/NGC6210/Varias-temporadas/spm331_bcr.fits"...
Extracting sources...
simplexy: found 40 sources.
Solving...
system: No such file or directory
engine.c:79:engine_autoindex_search_paths: Warning: failed to open index directory: "/usr/local/Cellar/astrometry-net/0.76_2/data"

Reading file "./spm331_bcr.axy"...
Only searching for solutions within 0.1 degrees of RA,Dec (251.123,23.7999)
  log-odds ratio 54.9911 (7.62658e+23), 22 match, 0 conflict, 11 distractors, 57 index.
  RA,Dec = (251.126,23.7959), pixel scale 0.625616 arcsec/pix.
  Hit/miss:   Hit/miss: -+++-+-++++++++-++-++-++--++-+--+(best)---++++
Field 1: solved with index index-5000-10.fits.
Field 1 solved: writing to file ./spm331_bcr.solved to indicate this.
Field: /Users/will/Dropbox/Papers/LL-Objects/NGC6210/Varias-temporadas/spm331_bcr.fits
Field center: (RA,Dec) = (251.125984, 23.796014) deg.
Field center: (RA H:M:S, Dec D:M:S) = (16:44:30.236, +23:47:45.649).
Field size: 5.33859 x 5.33859 arcminutes
Field rotation angle: up is -0.30476 degrees E of N
Field parity: neg
Creating new FITS file "./spm331_bcr-wcs.fits"...
Creating index object overlay plot...
Creating annotation plot...
Your field contains:
  NGC 6210

Reading input file 1 of 1: "/Users/will/Dropbox/Papers/LL-Objects/NGC6210/Varias-temporadas/spm414_bcr.fits"...
Extracting sources...
simplexy: found 9 sources.
/usr/local/Cellar/astrometry-net/0.76_2/libexec/lib/python3.7/site-packages/astrometry/util/removelines.py:25: RuntimeWarning: divide by zero encountered in log
  logpoisson = k*np.log(mean) - mean - np.array([sum(np.arange(kk)) for kk in k])
/usr/local/Cellar/astrometry-net/0.76_2/libexec/lib/python3.7/site-packages/astrometry/util/removelines.py:25: RuntimeWarning: invalid value encountered in multiply
  logpoisson = k*np.log(mean) - mean - np.array([sum(np.arange(kk)) for kk in k])
/usr/local/Cellar/astrometry-net/0.76_2/libexec/lib/python3.7/site-packages/astrometry/util/removelines.py:26: RuntimeWarning: invalid value encountered in less
  badbins = occupied[logpoisson < logcut]
Solving...
system: No such file or directory
engine.c:79:engine_autoindex_search_paths: Warning: failed to open index directory: "/usr/local/Cellar/astrometry-net/0.76_2/data"

Reading file "./spm414_bcr.axy"...
Only searching for solutions within 0.1 degrees of RA,Dec (251.123,23.7999)
  log-odds ratio 17.9508 (6.2506e+07), 4 match, 0 conflict, 1 distractors, 36 index.
  RA,Dec = (251.117,23.797), pixel scale 0.621496 arcsec/pix.
  Hit/miss:   Hit/miss: +-+++(best)++++
Field 1: solved with index index-5001-10.fits.
Field 1 solved: writing to file ./spm414_bcr.solved to indicate this.
Field: /Users/will/Dropbox/Papers/LL-Objects/NGC6210/Varias-temporadas/spm414_bcr.fits
Field center: (RA,Dec) = (251.117491, 23.797069) deg.
Field center: (RA H:M:S, Dec D:M:S) = (16:44:28.198, +23:47:49.448).
Field size: 5.30343 x 5.30343 arcminutes
Field rotation angle: up is 0.804633 degrees E of N
Field parity: neg
Creating new FITS file "./spm414_bcr-wcs.fits"...
Creating index object overlay plot...
Creating annotation plot...
Your field contains:
  NGC 6210

Reading input file 1 of 1: "/Users/will/Dropbox/Papers/LL-Objects/NGC6210/Varias-temporadas/spm236_bcr.fits"...
Extracting sources...
simplexy: found 21 sources.
Solving...
system: No such file or directory
engine.c:79:engine_autoindex_search_paths: Warning: failed to open index directory: "/usr/local/Cellar/astrometry-net/0.76_2/data"

Reading file "./spm236_bcr.axy"...
Only searching for solutions within 0.1 degrees of RA,Dec (251.123,23.7999)
  log-odds ratio 33.8064 (4.80765e+14), 16 match, 0 conflict, 1 distractors, 62 index.
  RA,Dec = (251.123,23.7884), pixel scale 0.638993 arcsec/pix.
  Hit/miss:   Hit/miss: +++++-+++++++++++(best)++++
Field 1: solved with index index-5000-10.fits.
Field 1 solved: writing to file ./spm236_bcr.solved to indicate this.
Field: /Users/will/Dropbox/Papers/LL-Objects/NGC6210/Varias-temporadas/spm236_bcr.fits
Field center: (RA,Dec) = (251.122731, 23.788443) deg.
Field center: (RA H:M:S, Dec D:M:S) = (16:44:29.455, +23:47:18.396).
Field size: 5.45274 x 5.45274 arcminutes
Field rotation angle: up is -0.648303 degrees E of N
Field parity: neg
Creating new FITS file "./spm236_bcr-wcs.fits"...
Creating index object overlay plot...
Creating annotation plot...
Your field contains:
  NGC 6210

Reading input file 1 of 1: "/Users/will/Dropbox/Papers/LL-Objects/NGC6210/Varias-temporadas/spm238_bcr.fits"...
Extracting sources...
simplexy: found 45 sources.
Solving...
system: No such file or directory
engine.c:79:engine_autoindex_search_paths: Warning: failed to open index directory: "/usr/local/Cellar/astrometry-net/0.76_2/data"

Reading file "./spm238_bcr.axy"...
Only searching for solutions within 0.1 degrees of RA,Dec (251.123,23.7999)
  log-odds ratio 88.3733 (2.39909e+38), 22 match, 0 conflict, 18 distractors, 36 index.
  RA,Dec = (251.123,23.7884), pixel scale 0.623806 arcsec/pix.
  Hit/miss:   Hit/miss: ++--++++-+-+-+-+-+-+-+++--++-+---+-++--+(best)-++++
Field 1: solved with index index-5001-10.fits.
Field 1 solved: writing to file ./spm238_bcr.solved to indicate this.
Field: /Users/will/Dropbox/Papers/LL-Objects/NGC6210/Varias-temporadas/spm238_bcr.fits
Field center: (RA,Dec) = (251.123300, 23.788484) deg.
Field center: (RA H:M:S, Dec D:M:S) = (16:44:29.592, +23:47:18.542).
Field size: 5.32314 x 5.32314 arcminutes
Field rotation angle: up is -0.0147301 degrees E of N
Field parity: neg
Creating new FITS file "./spm238_bcr-wcs.fits"...
Creating index object overlay plot...
Creating annotation plot...
Your field contains:
  NGC 6210

Reading input file 1 of 1: "/Users/will/Dropbox/Papers/LL-Objects/NGC6210/Varias-temporadas/spm242_bcr.fits"...
Extracting sources...
simplexy: found 26 sources.
Solving...
system: No such file or directory
engine.c:79:engine_autoindex_search_paths: Warning: failed to open index directory: "/usr/local/Cellar/astrometry-net/0.76_2/data"

Reading file "./spm242_bcr.axy"...
Only searching for solutions within 0.1 degrees of RA,Dec (251.123,23.7999)
  log-odds ratio 25.9695 (1.89842e+11), 9 match, 0 conflict, 7 distractors, 58 index.
  RA,Dec = (251.121,23.7892), pixel scale 0.623316 arcsec/pix.
  Hit/miss:   Hit/miss: +++++-+-+--+---+(best)------++++
Field 1: solved with index index-5000-10.fits.
Field 1 solved: writing to file ./spm242_bcr.solved to indicate this.
Field: /Users/will/Dropbox/Papers/LL-Objects/NGC6210/Varias-temporadas/spm242_bcr.fits
Field center: (RA,Dec) = (251.120691, 23.789287) deg.
Field center: (RA H:M:S, Dec D:M:S) = (16:44:28.966, +23:47:21.432).
Field size: 5.31896 x 5.31896 arcminutes
Field rotation angle: up is -8.75281 degrees E of N
Field parity: neg
Creating new FITS file "./spm242_bcr-wcs.fits"...
Creating index object overlay plot...
Creating annotation plot...
Your field contains:
  NGC 6210

Reading input file 1 of 1: "/Users/will/Dropbox/Papers/LL-Objects/NGC6210/Varias-temporadas/spm251_bcr.fits"...
Extracting sources...
simplexy: found 19 sources.
Solving...
system: No such file or directory
engine.c:79:engine_autoindex_search_paths: Warning: failed to open index directory: "/usr/local/Cellar/astrometry-net/0.76_2/data"

Reading file "./spm251_bcr.axy"...
Only searching for solutions within 0.1 degrees of RA,Dec (251.123,23.7999)
  log-odds ratio 26.3895 (2.88945e+11), 8 match, 0 conflict, 7 distractors, 36 index.
  RA,Dec = (251.121,23.7902), pixel scale 0.622615 arcsec/pix.
  Hit/miss:   Hit/miss: +--+-+---++-+++(best)++++
Field 1: solved with index index-5001-10.fits.
Field 1 solved: writing to file ./spm251_bcr.solved to indicate this.
Field: /Users/will/Dropbox/Papers/LL-Objects/NGC6210/Varias-temporadas/spm251_bcr.fits
Field center: (RA,Dec) = (251.121198, 23.790300) deg.
Field center: (RA H:M:S, Dec D:M:S) = (16:44:29.088, +23:47:25.079).
Field size: 5.31298 x 5.31298 arcminutes
Field rotation angle: up is -18.6552 degrees E of N
Field parity: neg
Creating new FITS file "./spm251_bcr-wcs.fits"...
Creating index object overlay plot...
Creating annotation plot...
Your field contains:
  NGC 6210

Reading input file 1 of 1: "/Users/will/Dropbox/Papers/LL-Objects/NGC6210/Varias-temporadas/spm256_bcr.fits"...
Extracting sources...
simplexy: found 17 sources.
Solving...
system: No such file or directory
engine.c:79:engine_autoindex_search_paths: Warning: failed to open index directory: "/usr/local/Cellar/astrometry-net/0.76_2/data"

Reading file "./spm256_bcr.axy"...
Only searching for solutions within 0.1 degrees of RA,Dec (251.123,23.7999)
  log-odds ratio 16.5517 (1.54287e+07), 6 match, 0 conflict, 3 distractors, 63 index.
  RA,Dec = (251.121,23.7929), pixel scale 0.624432 arcsec/pix.
  Hit/miss:   Hit/miss: ++--+++-+(best)----++++
Field 1: solved with index index-5000-10.fits.
Field 1 solved: writing to file ./spm256_bcr.solved to indicate this.
Field: /Users/will/Dropbox/Papers/LL-Objects/NGC6210/Varias-temporadas/spm256_bcr.fits
Field center: (RA,Dec) = (251.120995, 23.792981) deg.
Field center: (RA H:M:S, Dec D:M:S) = (16:44:29.039, +23:47:34.730).
Field size: 5.32848 x 5.32848 arcminutes
Field rotation angle: up is -55.6712 degrees E of N
Field parity: neg
Creating new FITS file "./spm256_bcr-wcs.fits"...
Creating index object overlay plot...
Creating annotation plot...
Your field contains:
  NGC 6210

Reading input file 1 of 1: "/Users/will/Dropbox/Papers/LL-Objects/NGC6210/Varias-temporadas/spm293_bcr.fits"...
Extracting sources...
simplexy: found 14 sources.
/usr/local/Cellar/astrometry-net/0.76_2/libexec/lib/python3.7/site-packages/astrometry/util/removelines.py:25: RuntimeWarning: divide by zero encountered in log
  logpoisson = k*np.log(mean) - mean - np.array([sum(np.arange(kk)) for kk in k])
/usr/local/Cellar/astrometry-net/0.76_2/libexec/lib/python3.7/site-packages/astrometry/util/removelines.py:25: RuntimeWarning: invalid value encountered in multiply
  logpoisson = k*np.log(mean) - mean - np.array([sum(np.arange(kk)) for kk in k])
/usr/local/Cellar/astrometry-net/0.76_2/libexec/lib/python3.7/site-packages/astrometry/util/removelines.py:26: RuntimeWarning: invalid value encountered in less
  badbins = occupied[logpoisson < logcut]
Solving...
system: No such file or directory
engine.c:79:engine_autoindex_search_paths: Warning: failed to open index directory: "/usr/local/Cellar/astrometry-net/0.76_2/data"

Reading file "./spm293_bcr.axy"...
Only searching for solutions within 0.1 degrees of RA,Dec (251.123,23.7999)
Field 1 did not solve (index index-5000-10.fits).
Field: /Users/will/Dropbox/Papers/LL-Objects/NGC6210/Varias-temporadas/spm293_bcr.fits
Did not solve (or no WCS file was written).

Reading input file 1 of 1: "/Users/will/Dropbox/Papers/LL-Objects/NGC6210/Varias-temporadas/spm296_bcr.fits"...
Extracting sources...
simplexy: found 20 sources.
Solving...
system: No such file or directory
engine.c:79:engine_autoindex_search_paths: Warning: failed to open index directory: "/usr/local/Cellar/astrometry-net/0.76_2/data"

Reading file "./spm296_bcr.axy"...
Only searching for solutions within 0.1 degrees of RA,Dec (251.123,23.7999)
  log-odds ratio 23.5894 (1.75684e+10), 9 match, 0 conflict, 6 distractors, 64 index.
  RA,Dec = (251.116,23.8028), pixel scale 0.62317 arcsec/pix.
  Hit/miss:   Hit/miss: -++-+-+-++-++-+(best)-++++
Field 1: solved with index index-5000-10.fits.
Field 1 solved: writing to file ./spm296_bcr.solved to indicate this.
Field: /Users/will/Dropbox/Papers/LL-Objects/NGC6210/Varias-temporadas/spm296_bcr.fits
Field center: (RA,Dec) = (251.115667, 23.802865) deg.
Field center: (RA H:M:S, Dec D:M:S) = (16:44:27.760, +23:48:10.315).
Field size: 5.31772 x 5.31772 arcminutes
Field rotation angle: up is 0.302416 degrees E of N
Field parity: neg
Creating new FITS file "./spm296_bcr-wcs.fits"...
Creating index object overlay plot...
Creating annotation plot...
Your field contains:
  NGC 6210

Reading input file 1 of 1: "/Users/will/Dropbox/Papers/LL-Objects/NGC6210/Varias-temporadas/spm302_bcr.fits"...
ERROR: Image type not recognized: Unknown image type "["cannot open `/Users/will/Dropbox/Papers/LL-Objects/NGC6210/Varias-temporadas/spm302_bcr.fits' (No such file or directory)"]"
augment-xylist.c:589:backtick Failed to run command: /usr/local/bin/image2pnm --infile /Users/will/Dropbox/Papers/LL-Objects/NGC6210/Varias-temporadas/spm302_bcr.fits --uncompressed-outfile /tmp/tmp.uncompressed.DZNWTz --outfile /tmp/tmp.ppm.vk6EyB --ppm --mydir /usr/local/bin/solve-field
 ioutils.c:567:run_command_get_outputs Command failed: return value 255
Reading input file 1 of 1: "/Users/will/Dropbox/Papers/LL-Objects/NGC6210/Varias-temporadas/spm303_bcr.fits"...
Extracting sources...
simplexy: found 62 sources.
Solving...
system: No such file or directory
engine.c:79:engine_autoindex_search_paths: Warning: failed to open index directory: "/usr/local/Cellar/astrometry-net/0.76_2/data"

Reading file "./spm303_bcr.axy"...
Only searching for solutions within 0.1 degrees of RA,Dec (251.123,23.7999)
  log-odds ratio 66.0107 (4.65673e+28), 17 match, 0 conflict, 23 distractors, 33 index.
  RA,Dec = (251.116,23.7476), pixel scale 0.623519 arcsec/pix.
  Hit/miss:   Hit/miss: ++++++-+-+-+---+---------+-+--++-++----+(best)------------------++++
Field 1: solved with index index-5001-10.fits.
Field 1 solved: writing to file ./spm303_bcr.solved to indicate this.
Field: /Users/will/Dropbox/Papers/LL-Objects/NGC6210/Varias-temporadas/spm303_bcr.fits
Field center: (RA,Dec) = (251.116383, 23.747708) deg.
Field center: (RA H:M:S, Dec D:M:S) = (16:44:27.932, +23:44:51.748).
Field size: 5.32069 x 5.32069 arcminutes
Field rotation angle: up is 0.217368 degrees E of N
Field parity: neg
Creating new FITS file "./spm303_bcr-wcs.fits"...
Creating index object overlay plot...
Creating annotation plot...

Reading input file 1 of 1: "/Users/will/Dropbox/Papers/LL-Objects/NGC6210/Varias-temporadas/spm305_bcr.fits"...
ERROR: Image type not recognized: Unknown image type "["cannot open `/Users/will/Dropbox/Papers/LL-Objects/NGC6210/Varias-temporadas/spm305_bcr.fits' (No such file or directory)"]"
augment-xylist.c:589:backtick Failed to run command: /usr/local/bin/image2pnm --infile /Users/will/Dropbox/Papers/LL-Objects/NGC6210/Varias-temporadas/spm305_bcr.fits --uncompressed-outfile /tmp/tmp.uncompressed.FQWrX5 --outfile /tmp/tmp.ppm.GdmKF4 --ppm --mydir /usr/local/bin/solve-field
 ioutils.c:567:run_command_get_outputs Command failed: return value 255
Reading input file 1 of 1: "/Users/will/Dropbox/Papers/LL-Objects/NGC6210/Varias-temporadas/spm306_bcr.fits"...
Extracting sources...
simplexy: found 62 sources.
Solving...
system: No such file or directory
engine.c:79:engine_autoindex_search_paths: Warning: failed to open index directory: "/usr/local/Cellar/astrometry-net/0.76_2/data"

Reading file "./spm306_bcr.axy"...
Only searching for solutions within 0.1 degrees of RA,Dec (251.123,23.7999)
  log-odds ratio 99.1748 (1.17782e+43), 24 match, 0 conflict, 19 distractors, 37 index.
  RA,Dec = (251.116,23.8508), pixel scale 0.6228 arcsec/pix.
  Hit/miss:   Hit/miss: +-++++++-+++-+++--++-+++-+----+--+-+--+---+(best)---------------++++
Field 1: solved with index index-5001-10.fits.
Field 1 solved: writing to file ./spm306_bcr.solved to indicate this.
Field: /Users/will/Dropbox/Papers/LL-Objects/NGC6210/Varias-temporadas/spm306_bcr.fits
Field center: (RA,Dec) = (251.116258, 23.850844) deg.
Field center: (RA H:M:S, Dec D:M:S) = (16:44:27.902, +23:51:03.038).
Field size: 5.31456 x 5.31456 arcminutes
Field rotation angle: up is 0.223035 degrees E of N
Field parity: neg
Creating new FITS file "./spm306_bcr-wcs.fits"...
Creating index object overlay plot...
Creating annotation plot...

Reading input file 1 of 1: "/Users/will/Dropbox/Papers/LL-Objects/NGC6210/Varias-temporadas/spm350_bcr.fits"...
Extracting sources...
simplexy: found 60 sources.
Solving...
system: No such file or directory
engine.c:79:engine_autoindex_search_paths: Warning: failed to open index directory: "/usr/local/Cellar/astrometry-net/0.76_2/data"

Reading file "./spm350_bcr.axy"...
Only searching for solutions within 0.1 degrees of RA,Dec (251.123,23.7999)
  log-odds ratio 80.5879 (9.97416e+34), 20 match, 0 conflict, 32 distractors, 34 index.
  RA,Dec = (251.078,23.8062), pixel scale 0.623363 arcsec/pix.
  Hit/miss:   Hit/miss: +++++-+-++++-----+--+-+--+------+-----+---+---+-+--+(best)----++++
Field 1: solved with index index-5001-10.fits.
Field 1 solved: writing to file ./spm350_bcr.solved to indicate this.
Field: /Users/will/Dropbox/Papers/LL-Objects/NGC6210/Varias-temporadas/spm350_bcr.fits
Field center: (RA,Dec) = (251.077809, 23.806255) deg.
Field center: (RA H:M:S, Dec D:M:S) = (16:44:18.674, +23:48:22.518).
Field size: 5.31936 x 5.31936 arcminutes
Field rotation angle: up is 0.224333 degrees E of N
Field parity: neg
Creating new FITS file "./spm350_bcr-wcs.fits"...
Creating index object overlay plot...
Creating annotation plot...
Your field contains:
  NGC 6210

Reading input file 1 of 1: "/Users/will/Dropbox/Papers/LL-Objects/NGC6210/Varias-temporadas/spm358_bcr.fits"...
Extracting sources...
simplexy: found 71 sources.
Solving...
system: No such file or directory
engine.c:79:engine_autoindex_search_paths: Warning: failed to open index directory: "/usr/local/Cellar/astrometry-net/0.76_2/data"

Reading file "./spm358_bcr.axy"...
Only searching for solutions within 0.1 degrees of RA,Dec (251.123,23.7999)
  log-odds ratio 83.8859 (2.69876e+36), 15 match, 0 conflict, 9 distractors, 20 index.
  RA,Dec = (251.174,23.8056), pixel scale 0.623847 arcsec/pix.
  Hit/miss:   Hit/miss: +++++-+++++---++++-----+(best)-------------------------------------------++++
Field 1: solved with index index-5002-10.fits.
Field 1 solved: writing to file ./spm358_bcr.solved to indicate this.
Field: /Users/will/Dropbox/Papers/LL-Objects/NGC6210/Varias-temporadas/spm358_bcr.fits
Field center: (RA,Dec) = (251.173682, 23.805650) deg.
Field center: (RA H:M:S, Dec D:M:S) = (16:44:41.684, +23:48:20.339).
Field size: 5.32349 x 5.32349 arcminutes
Field rotation angle: up is 0.188926 degrees E of N
Field parity: neg
Creating new FITS file "./spm358_bcr-wcs.fits"...
Creating index object overlay plot...
Creating annotation plot...

Reading input file 1 of 1: "/Users/will/Dropbox/Papers/LL-Objects/NGC6210/Varias-temporadas/spm407_bcr.fits"...
Extracting sources...
simplexy: found 21 sources.
Solving...
system: No such file or directory
engine.c:79:engine_autoindex_search_paths: Warning: failed to open index directory: "/usr/local/Cellar/astrometry-net/0.76_2/data"

Reading file "./spm407_bcr.axy"...
Only searching for solutions within 0.1 degrees of RA,Dec (251.123,23.7999)
  log-odds ratio 45.7729 (7.5671e+19), 11 match, 0 conflict, 6 distractors, 35 index.
  RA,Dec = (251.123,23.7918), pixel scale 0.621257 arcsec/pix.
  Hit/miss:   Hit/miss: +-+-++++-+-+-+-++(best)++++
Field 1: solved with index index-5001-10.fits.
Field 1 solved: writing to file ./spm407_bcr.solved to indicate this.
Field: /Users/will/Dropbox/Papers/LL-Objects/NGC6210/Varias-temporadas/spm407_bcr.fits
Field center: (RA,Dec) = (251.122910, 23.791908) deg.
Field center: (RA H:M:S, Dec D:M:S) = (16:44:29.498, +23:47:30.868).
Field size: 5.30139 x 5.30139 arcminutes
Field rotation angle: up is -18.6477 degrees E of N
Field parity: neg
Creating new FITS file "./spm407_bcr-wcs.fits"...
Creating index object overlay plot...
Creating annotation plot...
Your field contains:
  NGC 6210

Reading input file 1 of 1: "/Users/will/Dropbox/Papers/LL-Objects/NGC6210/Varias-temporadas/spm111_bcr.fits"...
ERROR: Image type not recognized: Unknown image type "["cannot open `/Users/will/Dropbox/Papers/LL-Objects/NGC6210/Varias-temporadas/spm111_bcr.fits' (No such file or directory)"]"
augment-xylist.c:589:backtick Failed to run command: /usr/local/bin/image2pnm --infile /Users/will/Dropbox/Papers/LL-Objects/NGC6210/Varias-temporadas/spm111_bcr.fits --uncompressed-outfile /tmp/tmp.uncompressed.w37Le5 --outfile /tmp/tmp.ppm.NgzOXx --ppm --mydir /usr/local/bin/solve-field
 ioutils.c:567:run_command_get_outputs Command failed: return value 255
Reading input file 1 of 1: "/Users/will/Dropbox/Papers/LL-Objects/NGC6210/Varias-temporadas/spm116_bcr.fits"...
ERROR: Image type not recognized: Unknown image type "["cannot open `/Users/will/Dropbox/Papers/LL-Objects/NGC6210/Varias-temporadas/spm116_bcr.fits' (No such file or directory)"]"
augment-xylist.c:589:backtick Failed to run command: /usr/local/bin/image2pnm --infile /Users/will/Dropbox/Papers/LL-Objects/NGC6210/Varias-temporadas/spm116_bcr.fits --uncompressed-outfile /tmp/tmp.uncompressed.Z6a6d5 --outfile /tmp/tmp.ppm.hBzmf3 --ppm --mydir /usr/local/bin/solve-field
 ioutils.c:567:run_command_get_outputs Command failed: return value 255
Reading input file 1 of 1: "/Users/will/Dropbox/Papers/LL-Objects/NGC6210/Varias-temporadas/spm003_b.fits"...
Extracting sources...
simplexy: found 56 sources.
Solving...
system: No such file or directory
engine.c:79:engine_autoindex_search_paths: Warning: failed to open index directory: "/usr/local/Cellar/astrometry-net/0.76_2/data"

Reading file "./spm003_b.axy"...
Only searching for solutions within 0.1 degrees of RA,Dec (251.123,23.7999)
Field 1 did not solve (index index-5002-10.fits).
Field: /Users/will/Dropbox/Papers/LL-Objects/NGC6210/Varias-temporadas/spm003_b.fits
Did not solve (or no WCS file was written).

Reading input file 1 of 1: "/Users/will/Dropbox/Papers/LL-Objects/NGC6210/Varias-temporadas/spm004_b.fits"...
Extracting sources...
simplexy: found 117 sources.
Solving...
system: No such file or directory
engine.c:79:engine_autoindex_search_paths: Warning: failed to open index directory: "/usr/local/Cellar/astrometry-net/0.76_2/data"

Reading file "./spm004_b.axy"...
Only searching for solutions within 0.1 degrees of RA,Dec (251.123,23.7999)
CPU time limit reached!
Field 1 did not solve (index index-5004-10.fits).
Field: /Users/will/Dropbox/Papers/LL-Objects/NGC6210/Varias-temporadas/spm004_b.fits
Did not solve (or no WCS file was written).

Reading input file 1 of 1: "/Users/will/Dropbox/Papers/LL-Objects/NGC6210/Varias-temporadas/spm017_b.fits"...
Extracting sources...
simplexy: found 36 sources.
Solving...
system: No such file or directory
engine.c:79:engine_autoindex_search_paths: Warning: failed to open index directory: "/usr/local/Cellar/astrometry-net/0.76_2/data"

Reading file "./spm017_b.axy"...
Only searching for solutions within 0.1 degrees of RA,Dec (251.123,23.7999)
Field 1 did not solve (index index-5000-10.fits).
Field: /Users/will/Dropbox/Papers/LL-Objects/NGC6210/Varias-temporadas/spm017_b.fits
Did not solve (or no WCS file was written).

